1665815668196|0|statement|connection 25|url jdbc:h2:mem:11d971d3-5963-4b2c-9445-dbd971df6f9c|drop table if exists character CASCADE |drop table if exists character CASCADE 
1665815668197|0|statement|connection 25|url jdbc:h2:mem:11d971d3-5963-4b2c-9445-dbd971df6f9c|drop table if exists quiz CASCADE |drop table if exists quiz CASCADE 
1665815668197|0|statement|connection 25|url jdbc:h2:mem:11d971d3-5963-4b2c-9445-dbd971df6f9c|drop table if exists quiz_tag CASCADE |drop table if exists quiz_tag CASCADE 
1665815668197|0|statement|connection 25|url jdbc:h2:mem:11d971d3-5963-4b2c-9445-dbd971df6f9c|drop table if exists refresh_token CASCADE |drop table if exists refresh_token CASCADE 
1665815668198|0|statement|connection 25|url jdbc:h2:mem:11d971d3-5963-4b2c-9445-dbd971df6f9c|drop table if exists tag CASCADE |drop table if exists tag CASCADE 
1665815668207|0|statement|connection 25|url jdbc:h2:mem:11d971d3-5963-4b2c-9445-dbd971df6f9c|drop table if exists users CASCADE |drop table if exists users CASCADE 
1665902625443|0|statement|connection 25|url jdbc:h2:mem:d12be158-803d-4488-90b0-d4a10e47903d|drop table if exists character CASCADE |drop table if exists character CASCADE 
1665902625445|0|statement|connection 25|url jdbc:h2:mem:d12be158-803d-4488-90b0-d4a10e47903d|drop table if exists quiz CASCADE |drop table if exists quiz CASCADE 
1665902625445|0|statement|connection 25|url jdbc:h2:mem:d12be158-803d-4488-90b0-d4a10e47903d|drop table if exists quiz_tag CASCADE |drop table if exists quiz_tag CASCADE 
1665902625445|0|statement|connection 25|url jdbc:h2:mem:d12be158-803d-4488-90b0-d4a10e47903d|drop table if exists refresh_token CASCADE |drop table if exists refresh_token CASCADE 
1665902625446|0|statement|connection 25|url jdbc:h2:mem:d12be158-803d-4488-90b0-d4a10e47903d|drop table if exists tag CASCADE |drop table if exists tag CASCADE 
1665902625446|0|statement|connection 25|url jdbc:h2:mem:d12be158-803d-4488-90b0-d4a10e47903d|drop table if exists users CASCADE |drop table if exists users CASCADE 
1667218646300|1|statement|connection 31|url jdbc:h2:mem:65cd2b9f-ba2a-4ac4-8879-06c85daa3a80|drop table if exists character CASCADE |drop table if exists character CASCADE 
1667218646301|0|statement|connection 31|url jdbc:h2:mem:65cd2b9f-ba2a-4ac4-8879-06c85daa3a80|drop table if exists quiz CASCADE |drop table if exists quiz CASCADE 
1667218646302|0|statement|connection 31|url jdbc:h2:mem:65cd2b9f-ba2a-4ac4-8879-06c85daa3a80|drop table if exists quiz_tag CASCADE |drop table if exists quiz_tag CASCADE 
1667218646303|0|statement|connection 31|url jdbc:h2:mem:65cd2b9f-ba2a-4ac4-8879-06c85daa3a80|drop table if exists refresh_token CASCADE |drop table if exists refresh_token CASCADE 
1667218646303|0|statement|connection 31|url jdbc:h2:mem:65cd2b9f-ba2a-4ac4-8879-06c85daa3a80|drop table if exists tag CASCADE |drop table if exists tag CASCADE 
1667218646304|1|statement|connection 31|url jdbc:h2:mem:65cd2b9f-ba2a-4ac4-8879-06c85daa3a80|drop table if exists users CASCADE |drop table if exists users CASCADE 
1667797412001|0|statement|connection 31|url jdbc:h2:mem:87d8656b-9bca-425c-90d0-6b110df94218|drop table if exists character CASCADE |drop table if exists character CASCADE 
1667797412001|0|statement|connection 31|url jdbc:h2:mem:87d8656b-9bca-425c-90d0-6b110df94218|drop table if exists quiz CASCADE |drop table if exists quiz CASCADE 
1667797412001|0|statement|connection 31|url jdbc:h2:mem:87d8656b-9bca-425c-90d0-6b110df94218|drop table if exists quiz_tag CASCADE |drop table if exists quiz_tag CASCADE 
1667797412002|0|statement|connection 31|url jdbc:h2:mem:87d8656b-9bca-425c-90d0-6b110df94218|drop table if exists refresh_token CASCADE |drop table if exists refresh_token CASCADE 
1667797412002|0|statement|connection 31|url jdbc:h2:mem:87d8656b-9bca-425c-90d0-6b110df94218|drop table if exists tag CASCADE |drop table if exists tag CASCADE 
1667797412002|0|statement|connection 31|url jdbc:h2:mem:87d8656b-9bca-425c-90d0-6b110df94218|drop table if exists users CASCADE |drop table if exists users CASCADE 
1668140615916|0|statement|connection 32|url jdbc:h2:mem:05514540-ff7f-4125-bec1-accadca512aa|drop table if exists character CASCADE |drop table if exists character CASCADE 
1668140615916|0|statement|connection 32|url jdbc:h2:mem:05514540-ff7f-4125-bec1-accadca512aa|drop table if exists quiz CASCADE |drop table if exists quiz CASCADE 
1668140615916|0|statement|connection 32|url jdbc:h2:mem:05514540-ff7f-4125-bec1-accadca512aa|drop table if exists quiz_tag CASCADE |drop table if exists quiz_tag CASCADE 
1668140615916|0|statement|connection 32|url jdbc:h2:mem:05514540-ff7f-4125-bec1-accadca512aa|drop table if exists refresh_token CASCADE |drop table if exists refresh_token CASCADE 
1668140615916|0|statement|connection 32|url jdbc:h2:mem:05514540-ff7f-4125-bec1-accadca512aa|drop table if exists tag CASCADE |drop table if exists tag CASCADE 
1668140615916|0|statement|connection 32|url jdbc:h2:mem:05514540-ff7f-4125-bec1-accadca512aa|drop table if exists users CASCADE |drop table if exists users CASCADE 
1668141893437|0|statement|connection 38|url jdbc:h2:mem:77ae6faf-7dac-4363-af2f-d4fdaade4b72|drop table if exists character CASCADE |drop table if exists character CASCADE 
1668141893438|0|statement|connection 38|url jdbc:h2:mem:77ae6faf-7dac-4363-af2f-d4fdaade4b72|drop table if exists quiz CASCADE |drop table if exists quiz CASCADE 
1668141893438|0|statement|connection 38|url jdbc:h2:mem:77ae6faf-7dac-4363-af2f-d4fdaade4b72|drop table if exists quiz_tag CASCADE |drop table if exists quiz_tag CASCADE 
1668141893438|0|statement|connection 38|url jdbc:h2:mem:77ae6faf-7dac-4363-af2f-d4fdaade4b72|drop table if exists refresh_token CASCADE |drop table if exists refresh_token CASCADE 
1668141893438|0|statement|connection 38|url jdbc:h2:mem:77ae6faf-7dac-4363-af2f-d4fdaade4b72|drop table if exists tag CASCADE |drop table if exists tag CASCADE 
1668141893439|0|statement|connection 38|url jdbc:h2:mem:77ae6faf-7dac-4363-af2f-d4fdaade4b72|drop table if exists users CASCADE |drop table if exists users CASCADE 
1668141893573|1|statement|connection 39|url jdbc:h2:mem:4decd27a-18ba-41c9-9cbb-f6ee5e6d3822|drop table if exists character CASCADE |drop table if exists character CASCADE 
1668141893574|0|statement|connection 39|url jdbc:h2:mem:4decd27a-18ba-41c9-9cbb-f6ee5e6d3822|drop table if exists quiz CASCADE |drop table if exists quiz CASCADE 
1668141893574|0|statement|connection 39|url jdbc:h2:mem:4decd27a-18ba-41c9-9cbb-f6ee5e6d3822|drop table if exists quiz_tag CASCADE |drop table if exists quiz_tag CASCADE 
1668141893575|0|statement|connection 39|url jdbc:h2:mem:4decd27a-18ba-41c9-9cbb-f6ee5e6d3822|drop table if exists refresh_token CASCADE |drop table if exists refresh_token CASCADE 
1668141893575|0|statement|connection 39|url jdbc:h2:mem:4decd27a-18ba-41c9-9cbb-f6ee5e6d3822|drop table if exists tag CASCADE |drop table if exists tag CASCADE 
1668141893575|0|statement|connection 39|url jdbc:h2:mem:4decd27a-18ba-41c9-9cbb-f6ee5e6d3822|drop table if exists users CASCADE |drop table if exists users CASCADE 
1668148061199|1|statement|connection 38|url jdbc:h2:mem:bc7af110-2198-4565-a39b-4fad7f4f2440|drop table if exists character CASCADE |drop table if exists character CASCADE 
1668148061200|0|statement|connection 38|url jdbc:h2:mem:bc7af110-2198-4565-a39b-4fad7f4f2440|drop table if exists quiz CASCADE |drop table if exists quiz CASCADE 
1668148061200|0|statement|connection 38|url jdbc:h2:mem:bc7af110-2198-4565-a39b-4fad7f4f2440|drop table if exists quiz_tag CASCADE |drop table if exists quiz_tag CASCADE 
1668148061200|0|statement|connection 38|url jdbc:h2:mem:bc7af110-2198-4565-a39b-4fad7f4f2440|drop table if exists refresh_token CASCADE |drop table if exists refresh_token CASCADE 
1668148061201|0|statement|connection 38|url jdbc:h2:mem:bc7af110-2198-4565-a39b-4fad7f4f2440|drop table if exists tag CASCADE |drop table if exists tag CASCADE 
1668148061201|0|statement|connection 38|url jdbc:h2:mem:bc7af110-2198-4565-a39b-4fad7f4f2440|drop table if exists users CASCADE |drop table if exists users CASCADE 
1668148061338|1|statement|connection 39|url jdbc:h2:mem:5956cd82-ef81-4873-9717-e4aa3f021a78|drop table if exists character CASCADE |drop table if exists character CASCADE 
1668148061341|0|statement|connection 39|url jdbc:h2:mem:5956cd82-ef81-4873-9717-e4aa3f021a78|drop table if exists quiz CASCADE |drop table if exists quiz CASCADE 
1668148061341|0|statement|connection 39|url jdbc:h2:mem:5956cd82-ef81-4873-9717-e4aa3f021a78|drop table if exists quiz_tag CASCADE |drop table if exists quiz_tag CASCADE 
1668148061342|0|statement|connection 39|url jdbc:h2:mem:5956cd82-ef81-4873-9717-e4aa3f021a78|drop table if exists refresh_token CASCADE |drop table if exists refresh_token CASCADE 
1668148061342|0|statement|connection 39|url jdbc:h2:mem:5956cd82-ef81-4873-9717-e4aa3f021a78|drop table if exists tag CASCADE |drop table if exists tag CASCADE 
1668148061342|0|statement|connection 39|url jdbc:h2:mem:5956cd82-ef81-4873-9717-e4aa3f021a78|drop table if exists users CASCADE |drop table if exists users CASCADE 
1668148122100|0|statement|connection 38|url jdbc:h2:mem:532d9abd-80b4-456c-b35b-9d7d0a16ebe9|drop table if exists character CASCADE |drop table if exists character CASCADE 
1668148122100|0|statement|connection 38|url jdbc:h2:mem:532d9abd-80b4-456c-b35b-9d7d0a16ebe9|drop table if exists quiz CASCADE |drop table if exists quiz CASCADE 
1668148122100|0|statement|connection 38|url jdbc:h2:mem:532d9abd-80b4-456c-b35b-9d7d0a16ebe9|drop table if exists quiz_tag CASCADE |drop table if exists quiz_tag CASCADE 
1668148122101|0|statement|connection 38|url jdbc:h2:mem:532d9abd-80b4-456c-b35b-9d7d0a16ebe9|drop table if exists refresh_token CASCADE |drop table if exists refresh_token CASCADE 
1668148122101|0|statement|connection 38|url jdbc:h2:mem:532d9abd-80b4-456c-b35b-9d7d0a16ebe9|drop table if exists tag CASCADE |drop table if exists tag CASCADE 
1668148122101|0|statement|connection 38|url jdbc:h2:mem:532d9abd-80b4-456c-b35b-9d7d0a16ebe9|drop table if exists users CASCADE |drop table if exists users CASCADE 
1668148122219|0|statement|connection 39|url jdbc:h2:mem:f3fee1ed-9e0d-4e43-9e5a-959405feadcd|drop table if exists character CASCADE |drop table if exists character CASCADE 
1668148122220|0|statement|connection 39|url jdbc:h2:mem:f3fee1ed-9e0d-4e43-9e5a-959405feadcd|drop table if exists quiz CASCADE |drop table if exists quiz CASCADE 
1668148122220|0|statement|connection 39|url jdbc:h2:mem:f3fee1ed-9e0d-4e43-9e5a-959405feadcd|drop table if exists quiz_tag CASCADE |drop table if exists quiz_tag CASCADE 
1668148122220|0|statement|connection 39|url jdbc:h2:mem:f3fee1ed-9e0d-4e43-9e5a-959405feadcd|drop table if exists refresh_token CASCADE |drop table if exists refresh_token CASCADE 
1668148122221|0|statement|connection 39|url jdbc:h2:mem:f3fee1ed-9e0d-4e43-9e5a-959405feadcd|drop table if exists tag CASCADE |drop table if exists tag CASCADE 
1668148122222|0|statement|connection 39|url jdbc:h2:mem:f3fee1ed-9e0d-4e43-9e5a-959405feadcd|drop table if exists users CASCADE |drop table if exists users CASCADE 
1668149233405|1|statement|connection 38|url jdbc:h2:mem:1cd542d4-aad3-4d61-97b4-b60472982ba0|drop table if exists character CASCADE |drop table if exists character CASCADE 
1668149233406|0|statement|connection 38|url jdbc:h2:mem:1cd542d4-aad3-4d61-97b4-b60472982ba0|drop table if exists quiz CASCADE |drop table if exists quiz CASCADE 
1668149233407|0|statement|connection 38|url jdbc:h2:mem:1cd542d4-aad3-4d61-97b4-b60472982ba0|drop table if exists quiz_tag CASCADE |drop table if exists quiz_tag CASCADE 
1668149233407|0|statement|connection 38|url jdbc:h2:mem:1cd542d4-aad3-4d61-97b4-b60472982ba0|drop table if exists refresh_token CASCADE |drop table if exists refresh_token CASCADE 
1668149233407|0|statement|connection 38|url jdbc:h2:mem:1cd542d4-aad3-4d61-97b4-b60472982ba0|drop table if exists tag CASCADE |drop table if exists tag CASCADE 
1668149233407|0|statement|connection 38|url jdbc:h2:mem:1cd542d4-aad3-4d61-97b4-b60472982ba0|drop table if exists users CASCADE |drop table if exists users CASCADE 
1668149233533|0|statement|connection 39|url jdbc:h2:mem:1590dae1-9bc7-40d8-9d87-0167e843e79e|drop table if exists character CASCADE |drop table if exists character CASCADE 
1668149233534|0|statement|connection 39|url jdbc:h2:mem:1590dae1-9bc7-40d8-9d87-0167e843e79e|drop table if exists quiz CASCADE |drop table if exists quiz CASCADE 
1668149233534|0|statement|connection 39|url jdbc:h2:mem:1590dae1-9bc7-40d8-9d87-0167e843e79e|drop table if exists quiz_tag CASCADE |drop table if exists quiz_tag CASCADE 
1668149233535|0|statement|connection 39|url jdbc:h2:mem:1590dae1-9bc7-40d8-9d87-0167e843e79e|drop table if exists refresh_token CASCADE |drop table if exists refresh_token CASCADE 
1668149233535|0|statement|connection 39|url jdbc:h2:mem:1590dae1-9bc7-40d8-9d87-0167e843e79e|drop table if exists tag CASCADE |drop table if exists tag CASCADE 
1668149233535|0|statement|connection 39|url jdbc:h2:mem:1590dae1-9bc7-40d8-9d87-0167e843e79e|drop table if exists users CASCADE |drop table if exists users CASCADE 
1668166916708|0|statement|connection 38|url jdbc:h2:mem:40855a16-cbec-453d-ab0b-ebb4816066f3|drop table if exists character CASCADE |drop table if exists character CASCADE 
1668166916709|0|statement|connection 38|url jdbc:h2:mem:40855a16-cbec-453d-ab0b-ebb4816066f3|drop table if exists quiz CASCADE |drop table if exists quiz CASCADE 
1668166916709|0|statement|connection 38|url jdbc:h2:mem:40855a16-cbec-453d-ab0b-ebb4816066f3|drop table if exists quiz_tag CASCADE |drop table if exists quiz_tag CASCADE 
1668166916709|0|statement|connection 38|url jdbc:h2:mem:40855a16-cbec-453d-ab0b-ebb4816066f3|drop table if exists refresh_token CASCADE |drop table if exists refresh_token CASCADE 
1668166916709|0|statement|connection 38|url jdbc:h2:mem:40855a16-cbec-453d-ab0b-ebb4816066f3|drop table if exists tag CASCADE |drop table if exists tag CASCADE 
1668166916709|0|statement|connection 38|url jdbc:h2:mem:40855a16-cbec-453d-ab0b-ebb4816066f3|drop table if exists users CASCADE |drop table if exists users CASCADE 
1668166916942|1|statement|connection 39|url jdbc:h2:mem:058b23e6-07a3-4676-9f24-b8cabbf407d1|drop table if exists character CASCADE |drop table if exists character CASCADE 
1668166916945|1|statement|connection 39|url jdbc:h2:mem:058b23e6-07a3-4676-9f24-b8cabbf407d1|drop table if exists quiz CASCADE |drop table if exists quiz CASCADE 
1668166916945|0|statement|connection 39|url jdbc:h2:mem:058b23e6-07a3-4676-9f24-b8cabbf407d1|drop table if exists quiz_tag CASCADE |drop table if exists quiz_tag CASCADE 
1668166916945|0|statement|connection 39|url jdbc:h2:mem:058b23e6-07a3-4676-9f24-b8cabbf407d1|drop table if exists refresh_token CASCADE |drop table if exists refresh_token CASCADE 
1668166916945|0|statement|connection 39|url jdbc:h2:mem:058b23e6-07a3-4676-9f24-b8cabbf407d1|drop table if exists tag CASCADE |drop table if exists tag CASCADE 
1668166916945|0|statement|connection 39|url jdbc:h2:mem:058b23e6-07a3-4676-9f24-b8cabbf407d1|drop table if exists users CASCADE |drop table if exists users CASCADE 
1668228113731|0|statement|connection 38|url jdbc:h2:mem:a3262566-6692-46dc-8ed0-02fc4e97e651|drop table if exists character CASCADE |drop table if exists character CASCADE 
1668228113731|0|statement|connection 38|url jdbc:h2:mem:a3262566-6692-46dc-8ed0-02fc4e97e651|drop table if exists quiz CASCADE |drop table if exists quiz CASCADE 
1668228113731|0|statement|connection 38|url jdbc:h2:mem:a3262566-6692-46dc-8ed0-02fc4e97e651|drop table if exists quiz_tag CASCADE |drop table if exists quiz_tag CASCADE 
1668228113731|0|statement|connection 38|url jdbc:h2:mem:a3262566-6692-46dc-8ed0-02fc4e97e651|drop table if exists refresh_token CASCADE |drop table if exists refresh_token CASCADE 
1668228113731|0|statement|connection 38|url jdbc:h2:mem:a3262566-6692-46dc-8ed0-02fc4e97e651|drop table if exists tag CASCADE |drop table if exists tag CASCADE 
1668228113731|0|statement|connection 38|url jdbc:h2:mem:a3262566-6692-46dc-8ed0-02fc4e97e651|drop table if exists users CASCADE |drop table if exists users CASCADE 
1668228113967|1|statement|connection 39|url jdbc:h2:mem:6b607bb1-b1c1-4f93-9f8f-e9b785862d1c|drop table if exists character CASCADE |drop table if exists character CASCADE 
1668228113971|0|statement|connection 39|url jdbc:h2:mem:6b607bb1-b1c1-4f93-9f8f-e9b785862d1c|drop table if exists quiz CASCADE |drop table if exists quiz CASCADE 
1668228113971|0|statement|connection 39|url jdbc:h2:mem:6b607bb1-b1c1-4f93-9f8f-e9b785862d1c|drop table if exists quiz_tag CASCADE |drop table if exists quiz_tag CASCADE 
1668228113971|0|statement|connection 39|url jdbc:h2:mem:6b607bb1-b1c1-4f93-9f8f-e9b785862d1c|drop table if exists refresh_token CASCADE |drop table if exists refresh_token CASCADE 
1668228113971|0|statement|connection 39|url jdbc:h2:mem:6b607bb1-b1c1-4f93-9f8f-e9b785862d1c|drop table if exists tag CASCADE |drop table if exists tag CASCADE 
1668228113971|0|statement|connection 39|url jdbc:h2:mem:6b607bb1-b1c1-4f93-9f8f-e9b785862d1c|drop table if exists users CASCADE |drop table if exists users CASCADE 
1668228304100|1|statement|connection 38|url jdbc:h2:mem:a1ffaa38-88d5-43bd-bdda-26c7f215fe6b|drop table if exists character CASCADE |drop table if exists character CASCADE 
1668228304100|0|statement|connection 38|url jdbc:h2:mem:a1ffaa38-88d5-43bd-bdda-26c7f215fe6b|drop table if exists quiz CASCADE |drop table if exists quiz CASCADE 
1668228304100|0|statement|connection 38|url jdbc:h2:mem:a1ffaa38-88d5-43bd-bdda-26c7f215fe6b|drop table if exists quiz_tag CASCADE |drop table if exists quiz_tag CASCADE 
1668228304100|0|statement|connection 38|url jdbc:h2:mem:a1ffaa38-88d5-43bd-bdda-26c7f215fe6b|drop table if exists refresh_token CASCADE |drop table if exists refresh_token CASCADE 
1668228304100|0|statement|connection 38|url jdbc:h2:mem:a1ffaa38-88d5-43bd-bdda-26c7f215fe6b|drop table if exists tag CASCADE |drop table if exists tag CASCADE 
1668228304100|0|statement|connection 38|url jdbc:h2:mem:a1ffaa38-88d5-43bd-bdda-26c7f215fe6b|drop table if exists users CASCADE |drop table if exists users CASCADE 
1668228304260|1|statement|connection 39|url jdbc:h2:mem:ff84cc01-0e07-4175-98f9-e0ec8d900d39|drop table if exists character CASCADE |drop table if exists character CASCADE 
1668228304260|0|statement|connection 39|url jdbc:h2:mem:ff84cc01-0e07-4175-98f9-e0ec8d900d39|drop table if exists quiz CASCADE |drop table if exists quiz CASCADE 
1668228304260|0|statement|connection 39|url jdbc:h2:mem:ff84cc01-0e07-4175-98f9-e0ec8d900d39|drop table if exists quiz_tag CASCADE |drop table if exists quiz_tag CASCADE 
1668228304260|0|statement|connection 39|url jdbc:h2:mem:ff84cc01-0e07-4175-98f9-e0ec8d900d39|drop table if exists refresh_token CASCADE |drop table if exists refresh_token CASCADE 
1668228304260|0|statement|connection 39|url jdbc:h2:mem:ff84cc01-0e07-4175-98f9-e0ec8d900d39|drop table if exists tag CASCADE |drop table if exists tag CASCADE 
1668228304260|0|statement|connection 39|url jdbc:h2:mem:ff84cc01-0e07-4175-98f9-e0ec8d900d39|drop table if exists users CASCADE |drop table if exists users CASCADE 
1668229144401|0|statement|connection 38|url jdbc:h2:mem:9fa5146e-6b54-47f6-a413-26dbbaf79891|drop table if exists character CASCADE |drop table if exists character CASCADE 
1668229144402|0|statement|connection 38|url jdbc:h2:mem:9fa5146e-6b54-47f6-a413-26dbbaf79891|drop table if exists quiz CASCADE |drop table if exists quiz CASCADE 
1668229144402|0|statement|connection 38|url jdbc:h2:mem:9fa5146e-6b54-47f6-a413-26dbbaf79891|drop table if exists quiz_tag CASCADE |drop table if exists quiz_tag CASCADE 
1668229144402|0|statement|connection 38|url jdbc:h2:mem:9fa5146e-6b54-47f6-a413-26dbbaf79891|drop table if exists refresh_token CASCADE |drop table if exists refresh_token CASCADE 
1668229144403|0|statement|connection 38|url jdbc:h2:mem:9fa5146e-6b54-47f6-a413-26dbbaf79891|drop table if exists tag CASCADE |drop table if exists tag CASCADE 
1668229144403|0|statement|connection 38|url jdbc:h2:mem:9fa5146e-6b54-47f6-a413-26dbbaf79891|drop table if exists users CASCADE |drop table if exists users CASCADE 
1668229144536|0|statement|connection 39|url jdbc:h2:mem:a198b8ce-9500-4378-a1e1-db7dc2bd5fe9|drop table if exists character CASCADE |drop table if exists character CASCADE 
1668229144537|0|statement|connection 39|url jdbc:h2:mem:a198b8ce-9500-4378-a1e1-db7dc2bd5fe9|drop table if exists quiz CASCADE |drop table if exists quiz CASCADE 
1668229144538|0|statement|connection 39|url jdbc:h2:mem:a198b8ce-9500-4378-a1e1-db7dc2bd5fe9|drop table if exists quiz_tag CASCADE |drop table if exists quiz_tag CASCADE 
1668229144538|0|statement|connection 39|url jdbc:h2:mem:a198b8ce-9500-4378-a1e1-db7dc2bd5fe9|drop table if exists refresh_token CASCADE |drop table if exists refresh_token CASCADE 
1668229144538|0|statement|connection 39|url jdbc:h2:mem:a198b8ce-9500-4378-a1e1-db7dc2bd5fe9|drop table if exists tag CASCADE |drop table if exists tag CASCADE 
1668229144540|0|statement|connection 39|url jdbc:h2:mem:a198b8ce-9500-4378-a1e1-db7dc2bd5fe9|drop table if exists users CASCADE |drop table if exists users CASCADE 
1668579141111|0|statement|connection 38|url jdbc:h2:mem:6f5a5db2-930b-40ec-915d-8d6804ad7549|drop table if exists character CASCADE |drop table if exists character CASCADE 
1668579141112|0|statement|connection 38|url jdbc:h2:mem:6f5a5db2-930b-40ec-915d-8d6804ad7549|drop table if exists quiz CASCADE |drop table if exists quiz CASCADE 
1668579141112|0|statement|connection 38|url jdbc:h2:mem:6f5a5db2-930b-40ec-915d-8d6804ad7549|drop table if exists quiz_tag CASCADE |drop table if exists quiz_tag CASCADE 
1668579141112|0|statement|connection 38|url jdbc:h2:mem:6f5a5db2-930b-40ec-915d-8d6804ad7549|drop table if exists refresh_token CASCADE |drop table if exists refresh_token CASCADE 
1668579141113|0|statement|connection 38|url jdbc:h2:mem:6f5a5db2-930b-40ec-915d-8d6804ad7549|drop table if exists tag CASCADE |drop table if exists tag CASCADE 
1668579141113|0|statement|connection 38|url jdbc:h2:mem:6f5a5db2-930b-40ec-915d-8d6804ad7549|drop table if exists users CASCADE |drop table if exists users CASCADE 
1668579141254|1|statement|connection 39|url jdbc:h2:mem:e72b2a0b-2433-48a2-a013-2213abce31ee|drop table if exists character CASCADE |drop table if exists character CASCADE 
1668579141255|0|statement|connection 39|url jdbc:h2:mem:e72b2a0b-2433-48a2-a013-2213abce31ee|drop table if exists quiz CASCADE |drop table if exists quiz CASCADE 
1668579141255|0|statement|connection 39|url jdbc:h2:mem:e72b2a0b-2433-48a2-a013-2213abce31ee|drop table if exists quiz_tag CASCADE |drop table if exists quiz_tag CASCADE 
1668579141255|0|statement|connection 39|url jdbc:h2:mem:e72b2a0b-2433-48a2-a013-2213abce31ee|drop table if exists refresh_token CASCADE |drop table if exists refresh_token CASCADE 
1668579141255|0|statement|connection 39|url jdbc:h2:mem:e72b2a0b-2433-48a2-a013-2213abce31ee|drop table if exists tag CASCADE |drop table if exists tag CASCADE 
1668579141255|0|statement|connection 39|url jdbc:h2:mem:e72b2a0b-2433-48a2-a013-2213abce31ee|drop table if exists users CASCADE |drop table if exists users CASCADE 
1668579614121|0|statement|connection 38|url jdbc:h2:mem:0bced231-d724-4b98-b4e3-6b6b29b8fba2|drop table if exists character CASCADE |drop table if exists character CASCADE 
1668579614122|0|statement|connection 38|url jdbc:h2:mem:0bced231-d724-4b98-b4e3-6b6b29b8fba2|drop table if exists quiz CASCADE |drop table if exists quiz CASCADE 
1668579614122|0|statement|connection 38|url jdbc:h2:mem:0bced231-d724-4b98-b4e3-6b6b29b8fba2|drop table if exists quiz_tag CASCADE |drop table if exists quiz_tag CASCADE 
1668579614123|0|statement|connection 38|url jdbc:h2:mem:0bced231-d724-4b98-b4e3-6b6b29b8fba2|drop table if exists refresh_token CASCADE |drop table if exists refresh_token CASCADE 
1668579614124|0|statement|connection 38|url jdbc:h2:mem:0bced231-d724-4b98-b4e3-6b6b29b8fba2|drop table if exists tag CASCADE |drop table if exists tag CASCADE 
1668579614124|0|statement|connection 38|url jdbc:h2:mem:0bced231-d724-4b98-b4e3-6b6b29b8fba2|drop table if exists users CASCADE |drop table if exists users CASCADE 
1668579614251|0|statement|connection 39|url jdbc:h2:mem:1bb807a7-8eb8-40bc-b82b-031eebdef273|drop table if exists character CASCADE |drop table if exists character CASCADE 
1668579614262|6|statement|connection 39|url jdbc:h2:mem:1bb807a7-8eb8-40bc-b82b-031eebdef273|drop table if exists quiz CASCADE |drop table if exists quiz CASCADE 
1668579614262|0|statement|connection 39|url jdbc:h2:mem:1bb807a7-8eb8-40bc-b82b-031eebdef273|drop table if exists quiz_tag CASCADE |drop table if exists quiz_tag CASCADE 
1668579614262|0|statement|connection 39|url jdbc:h2:mem:1bb807a7-8eb8-40bc-b82b-031eebdef273|drop table if exists refresh_token CASCADE |drop table if exists refresh_token CASCADE 
1668579614262|0|statement|connection 39|url jdbc:h2:mem:1bb807a7-8eb8-40bc-b82b-031eebdef273|drop table if exists tag CASCADE |drop table if exists tag CASCADE 
1668579614264|1|statement|connection 39|url jdbc:h2:mem:1bb807a7-8eb8-40bc-b82b-031eebdef273|drop table if exists users CASCADE |drop table if exists users CASCADE 
1668789142738|0|statement|connection 38|url jdbc:h2:mem:4c2ee1d9-351f-4408-bc4c-4fd3e90f3f21|drop table if exists characters CASCADE |drop table if exists characters CASCADE 
1668789142740|0|statement|connection 38|url jdbc:h2:mem:4c2ee1d9-351f-4408-bc4c-4fd3e90f3f21|drop table if exists quiz CASCADE |drop table if exists quiz CASCADE 
1668789142740|0|statement|connection 38|url jdbc:h2:mem:4c2ee1d9-351f-4408-bc4c-4fd3e90f3f21|drop table if exists quiz_tag CASCADE |drop table if exists quiz_tag CASCADE 
1668789142740|0|statement|connection 38|url jdbc:h2:mem:4c2ee1d9-351f-4408-bc4c-4fd3e90f3f21|drop table if exists refresh_token CASCADE |drop table if exists refresh_token CASCADE 
1668789142740|0|statement|connection 38|url jdbc:h2:mem:4c2ee1d9-351f-4408-bc4c-4fd3e90f3f21|drop table if exists tag CASCADE |drop table if exists tag CASCADE 
1668789142740|0|statement|connection 38|url jdbc:h2:mem:4c2ee1d9-351f-4408-bc4c-4fd3e90f3f21|drop table if exists users CASCADE |drop table if exists users CASCADE 
1668789142862|1|statement|connection 39|url jdbc:h2:mem:91681e4b-31c4-4b01-b0fc-e85c8cd61602|drop table if exists characters CASCADE |drop table if exists characters CASCADE 
1668789142863|0|statement|connection 39|url jdbc:h2:mem:91681e4b-31c4-4b01-b0fc-e85c8cd61602|drop table if exists quiz CASCADE |drop table if exists quiz CASCADE 
1668789142863|0|statement|connection 39|url jdbc:h2:mem:91681e4b-31c4-4b01-b0fc-e85c8cd61602|drop table if exists quiz_tag CASCADE |drop table if exists quiz_tag CASCADE 
1668789142863|0|statement|connection 39|url jdbc:h2:mem:91681e4b-31c4-4b01-b0fc-e85c8cd61602|drop table if exists refresh_token CASCADE |drop table if exists refresh_token CASCADE 
1668789142864|0|statement|connection 39|url jdbc:h2:mem:91681e4b-31c4-4b01-b0fc-e85c8cd61602|drop table if exists tag CASCADE |drop table if exists tag CASCADE 
1668789142864|0|statement|connection 39|url jdbc:h2:mem:91681e4b-31c4-4b01-b0fc-e85c8cd61602|drop table if exists users CASCADE |drop table if exists users CASCADE 
1669099118969|1|statement|connection 30|url jdbc:h2:mem:fe4d4049-9bdb-4315-8f5a-9d3a1a5c30dc|drop table if exists quiz CASCADE |drop table if exists quiz CASCADE 
1669099118970|0|statement|connection 30|url jdbc:h2:mem:fe4d4049-9bdb-4315-8f5a-9d3a1a5c30dc|drop table if exists quiz_tag CASCADE |drop table if exists quiz_tag CASCADE 
1669099118971|0|statement|connection 30|url jdbc:h2:mem:fe4d4049-9bdb-4315-8f5a-9d3a1a5c30dc|drop table if exists refresh_token CASCADE |drop table if exists refresh_token CASCADE 
1669099118972|0|statement|connection 30|url jdbc:h2:mem:fe4d4049-9bdb-4315-8f5a-9d3a1a5c30dc|drop table if exists tag CASCADE |drop table if exists tag CASCADE 
1669099118972|0|statement|connection 30|url jdbc:h2:mem:fe4d4049-9bdb-4315-8f5a-9d3a1a5c30dc|drop table if exists users CASCADE |drop table if exists users CASCADE 
1669099119104|2|statement|connection 31|url jdbc:h2:mem:0c42cd83-c88c-4440-b00c-0911be4cf9a8|drop table if exists quiz CASCADE |drop table if exists quiz CASCADE 
1669099119105|0|statement|connection 31|url jdbc:h2:mem:0c42cd83-c88c-4440-b00c-0911be4cf9a8|drop table if exists quiz_tag CASCADE |drop table if exists quiz_tag CASCADE 
1669099119105|0|statement|connection 31|url jdbc:h2:mem:0c42cd83-c88c-4440-b00c-0911be4cf9a8|drop table if exists refresh_token CASCADE |drop table if exists refresh_token CASCADE 
1669099119106|0|statement|connection 31|url jdbc:h2:mem:0c42cd83-c88c-4440-b00c-0911be4cf9a8|drop table if exists tag CASCADE |drop table if exists tag CASCADE 
1669099119106|0|statement|connection 31|url jdbc:h2:mem:0c42cd83-c88c-4440-b00c-0911be4cf9a8|drop table if exists users CASCADE |drop table if exists users CASCADE 
1669560007568|0|statement|connection 30|url jdbc:h2:mem:c0244f65-e9ef-4418-a817-903fc997965b|drop table if exists quiz CASCADE |drop table if exists quiz CASCADE 
1669560007570|0|statement|connection 30|url jdbc:h2:mem:c0244f65-e9ef-4418-a817-903fc997965b|drop table if exists quiz_tag CASCADE |drop table if exists quiz_tag CASCADE 
1669560007570|0|statement|connection 30|url jdbc:h2:mem:c0244f65-e9ef-4418-a817-903fc997965b|drop table if exists refresh_token CASCADE |drop table if exists refresh_token CASCADE 
1669560007570|0|statement|connection 30|url jdbc:h2:mem:c0244f65-e9ef-4418-a817-903fc997965b|drop table if exists tag CASCADE |drop table if exists tag CASCADE 
1669560007571|0|statement|connection 30|url jdbc:h2:mem:c0244f65-e9ef-4418-a817-903fc997965b|drop table if exists users CASCADE |drop table if exists users CASCADE 
1669560007790|1|statement|connection 31|url jdbc:h2:mem:37ef686e-1948-4a75-a30b-0dc5a77c3139|drop table if exists quiz CASCADE |drop table if exists quiz CASCADE 
1669560007791|0|statement|connection 31|url jdbc:h2:mem:37ef686e-1948-4a75-a30b-0dc5a77c3139|drop table if exists quiz_tag CASCADE |drop table if exists quiz_tag CASCADE 
1669560007791|0|statement|connection 31|url jdbc:h2:mem:37ef686e-1948-4a75-a30b-0dc5a77c3139|drop table if exists refresh_token CASCADE |drop table if exists refresh_token CASCADE 
1669560007791|0|statement|connection 31|url jdbc:h2:mem:37ef686e-1948-4a75-a30b-0dc5a77c3139|drop table if exists tag CASCADE |drop table if exists tag CASCADE 
1669560007792|0|statement|connection 31|url jdbc:h2:mem:37ef686e-1948-4a75-a30b-0dc5a77c3139|drop table if exists users CASCADE |drop table if exists users CASCADE 
1669706859024|1|statement|connection 30|url jdbc:h2:mem:5050cf5e-bd1e-4821-bc15-6cfa4b7a440b|drop table if exists quiz CASCADE |drop table if exists quiz CASCADE 
1669706859025|0|statement|connection 30|url jdbc:h2:mem:5050cf5e-bd1e-4821-bc15-6cfa4b7a440b|drop table if exists quiz_tag CASCADE |drop table if exists quiz_tag CASCADE 
1669706859025|0|statement|connection 30|url jdbc:h2:mem:5050cf5e-bd1e-4821-bc15-6cfa4b7a440b|drop table if exists refresh_token CASCADE |drop table if exists refresh_token CASCADE 
1669706859026|0|statement|connection 30|url jdbc:h2:mem:5050cf5e-bd1e-4821-bc15-6cfa4b7a440b|drop table if exists tag CASCADE |drop table if exists tag CASCADE 
1669706859026|0|statement|connection 30|url jdbc:h2:mem:5050cf5e-bd1e-4821-bc15-6cfa4b7a440b|drop table if exists users CASCADE |drop table if exists users CASCADE 
1669706859153|1|statement|connection 31|url jdbc:h2:mem:72574237-0df0-4277-b3d5-035a69f9457a|drop table if exists quiz CASCADE |drop table if exists quiz CASCADE 
1669706859154|0|statement|connection 31|url jdbc:h2:mem:72574237-0df0-4277-b3d5-035a69f9457a|drop table if exists quiz_tag CASCADE |drop table if exists quiz_tag CASCADE 
1669706859154|0|statement|connection 31|url jdbc:h2:mem:72574237-0df0-4277-b3d5-035a69f9457a|drop table if exists refresh_token CASCADE |drop table if exists refresh_token CASCADE 
1669706859154|0|statement|connection 31|url jdbc:h2:mem:72574237-0df0-4277-b3d5-035a69f9457a|drop table if exists tag CASCADE |drop table if exists tag CASCADE 
1669706859155|0|statement|connection 31|url jdbc:h2:mem:72574237-0df0-4277-b3d5-035a69f9457a|drop table if exists users CASCADE |drop table if exists users CASCADE 
1669906714052|1|statement|connection 30|url jdbc:h2:mem:7ae74be4-b3ea-4eeb-9958-68ba73ba6105|drop table if exists quiz CASCADE |drop table if exists quiz CASCADE 
1669906714064|0|statement|connection 30|url jdbc:h2:mem:7ae74be4-b3ea-4eeb-9958-68ba73ba6105|drop table if exists quiz_tag CASCADE |drop table if exists quiz_tag CASCADE 
1669906714065|0|statement|connection 30|url jdbc:h2:mem:7ae74be4-b3ea-4eeb-9958-68ba73ba6105|drop table if exists refresh_token CASCADE |drop table if exists refresh_token CASCADE 
1669906714065|0|statement|connection 30|url jdbc:h2:mem:7ae74be4-b3ea-4eeb-9958-68ba73ba6105|drop table if exists tag CASCADE |drop table if exists tag CASCADE 
1669906714065|0|statement|connection 30|url jdbc:h2:mem:7ae74be4-b3ea-4eeb-9958-68ba73ba6105|drop table if exists users CASCADE |drop table if exists users CASCADE 
1669906714217|1|statement|connection 31|url jdbc:h2:mem:7c48aaf4-4567-4895-90e9-addf13ec24cd|drop table if exists quiz CASCADE |drop table if exists quiz CASCADE 
1669906714217|0|statement|connection 31|url jdbc:h2:mem:7c48aaf4-4567-4895-90e9-addf13ec24cd|drop table if exists quiz_tag CASCADE |drop table if exists quiz_tag CASCADE 
1669906714219|0|statement|connection 31|url jdbc:h2:mem:7c48aaf4-4567-4895-90e9-addf13ec24cd|drop table if exists refresh_token CASCADE |drop table if exists refresh_token CASCADE 
1669906714219|0|statement|connection 31|url jdbc:h2:mem:7c48aaf4-4567-4895-90e9-addf13ec24cd|drop table if exists tag CASCADE |drop table if exists tag CASCADE 
1669906714219|0|statement|connection 31|url jdbc:h2:mem:7c48aaf4-4567-4895-90e9-addf13ec24cd|drop table if exists users CASCADE |drop table if exists users CASCADE 
1669964305019|0|statement|connection 30|url jdbc:h2:mem:48e70fc7-360b-41d1-9b07-0dc655c81067|drop table if exists quiz CASCADE |drop table if exists quiz CASCADE 
1669964305031|0|statement|connection 30|url jdbc:h2:mem:48e70fc7-360b-41d1-9b07-0dc655c81067|drop table if exists quiz_tag CASCADE |drop table if exists quiz_tag CASCADE 
1669964305031|0|statement|connection 30|url jdbc:h2:mem:48e70fc7-360b-41d1-9b07-0dc655c81067|drop table if exists refresh_token CASCADE |drop table if exists refresh_token CASCADE 
1669964305032|0|statement|connection 30|url jdbc:h2:mem:48e70fc7-360b-41d1-9b07-0dc655c81067|drop table if exists tag CASCADE |drop table if exists tag CASCADE 
1669964305032|0|statement|connection 30|url jdbc:h2:mem:48e70fc7-360b-41d1-9b07-0dc655c81067|drop table if exists users CASCADE |drop table if exists users CASCADE 
1669964305157|1|statement|connection 31|url jdbc:h2:mem:24bfdfee-1c20-40ad-a9bd-1955e3e86820|drop table if exists quiz CASCADE |drop table if exists quiz CASCADE 
1669964305157|0|statement|connection 31|url jdbc:h2:mem:24bfdfee-1c20-40ad-a9bd-1955e3e86820|drop table if exists quiz_tag CASCADE |drop table if exists quiz_tag CASCADE 
1669964305157|0|statement|connection 31|url jdbc:h2:mem:24bfdfee-1c20-40ad-a9bd-1955e3e86820|drop table if exists refresh_token CASCADE |drop table if exists refresh_token CASCADE 
1669964305158|0|statement|connection 31|url jdbc:h2:mem:24bfdfee-1c20-40ad-a9bd-1955e3e86820|drop table if exists tag CASCADE |drop table if exists tag CASCADE 
1669964305158|0|statement|connection 31|url jdbc:h2:mem:24bfdfee-1c20-40ad-a9bd-1955e3e86820|drop table if exists users CASCADE |drop table if exists users CASCADE 
1674047513062|0|statement|connection 31|url jdbc:h2:mem:82e7a327-ed0f-47db-84ba-c659f430ea23|drop table if exists quiz CASCADE |drop table if exists quiz CASCADE 
1674047513063|0|statement|connection 31|url jdbc:h2:mem:82e7a327-ed0f-47db-84ba-c659f430ea23|drop table if exists quiz_tag CASCADE |drop table if exists quiz_tag CASCADE 
1674047513063|0|statement|connection 31|url jdbc:h2:mem:82e7a327-ed0f-47db-84ba-c659f430ea23|drop table if exists refresh_token CASCADE |drop table if exists refresh_token CASCADE 
1674047513064|0|statement|connection 31|url jdbc:h2:mem:82e7a327-ed0f-47db-84ba-c659f430ea23|drop table if exists report CASCADE |drop table if exists report CASCADE 
1674047513064|0|statement|connection 31|url jdbc:h2:mem:82e7a327-ed0f-47db-84ba-c659f430ea23|drop table if exists tag CASCADE |drop table if exists tag CASCADE 
1674047513064|0|statement|connection 31|url jdbc:h2:mem:82e7a327-ed0f-47db-84ba-c659f430ea23|drop table if exists users CASCADE |drop table if exists users CASCADE 
1674047513187|1|statement|connection 32|url jdbc:h2:mem:6357eb71-173f-4391-8e11-8acd22cccac9|drop table if exists quiz CASCADE |drop table if exists quiz CASCADE 
1674047513189|1|statement|connection 32|url jdbc:h2:mem:6357eb71-173f-4391-8e11-8acd22cccac9|drop table if exists quiz_tag CASCADE |drop table if exists quiz_tag CASCADE 
1674047513189|0|statement|connection 32|url jdbc:h2:mem:6357eb71-173f-4391-8e11-8acd22cccac9|drop table if exists refresh_token CASCADE |drop table if exists refresh_token CASCADE 
1674047513190|0|statement|connection 32|url jdbc:h2:mem:6357eb71-173f-4391-8e11-8acd22cccac9|drop table if exists report CASCADE |drop table if exists report CASCADE 
1674047513190|0|statement|connection 32|url jdbc:h2:mem:6357eb71-173f-4391-8e11-8acd22cccac9|drop table if exists tag CASCADE |drop table if exists tag CASCADE 
1674047513190|0|statement|connection 32|url jdbc:h2:mem:6357eb71-173f-4391-8e11-8acd22cccac9|drop table if exists users CASCADE |drop table if exists users CASCADE 
1674971624676|0|statement|connection 32|url jdbc:h2:mem:3023a5fe-f4d3-4a1b-9f90-212d80986a1e|drop table if exists anonymous_comment CASCADE |drop table if exists anonymous_comment CASCADE 
1674971624676|0|statement|connection 32|url jdbc:h2:mem:3023a5fe-f4d3-4a1b-9f90-212d80986a1e|drop table if exists comment CASCADE |drop table if exists comment CASCADE 
1674971624676|0|statement|connection 32|url jdbc:h2:mem:3023a5fe-f4d3-4a1b-9f90-212d80986a1e|drop table if exists comment_recommend CASCADE |drop table if exists comment_recommend CASCADE 
1674971624676|1|statement|connection 32|url jdbc:h2:mem:3023a5fe-f4d3-4a1b-9f90-212d80986a1e|drop table if exists quiz CASCADE |drop table if exists quiz CASCADE 
1674971624676|0|statement|connection 32|url jdbc:h2:mem:3023a5fe-f4d3-4a1b-9f90-212d80986a1e|drop table if exists quiz_tag CASCADE |drop table if exists quiz_tag CASCADE 
1674971624676|0|statement|connection 32|url jdbc:h2:mem:3023a5fe-f4d3-4a1b-9f90-212d80986a1e|drop table if exists refresh_token CASCADE |drop table if exists refresh_token CASCADE 
1674971624676|0|statement|connection 32|url jdbc:h2:mem:3023a5fe-f4d3-4a1b-9f90-212d80986a1e|drop table if exists report CASCADE |drop table if exists report CASCADE 
1674971624676|0|statement|connection 32|url jdbc:h2:mem:3023a5fe-f4d3-4a1b-9f90-212d80986a1e|drop table if exists tag CASCADE |drop table if exists tag CASCADE 
1674971624676|0|statement|connection 32|url jdbc:h2:mem:3023a5fe-f4d3-4a1b-9f90-212d80986a1e|drop table if exists users CASCADE |drop table if exists users CASCADE 
1674971624815|3|statement|connection 33|url jdbc:h2:mem:970289b0-6625-4f1f-89d0-6f020595b5d1|drop table if exists anonymous_comment CASCADE |drop table if exists anonymous_comment CASCADE 
1674971624815|0|statement|connection 33|url jdbc:h2:mem:970289b0-6625-4f1f-89d0-6f020595b5d1|drop table if exists comment CASCADE |drop table if exists comment CASCADE 
1674971624815|0|statement|connection 33|url jdbc:h2:mem:970289b0-6625-4f1f-89d0-6f020595b5d1|drop table if exists comment_recommend CASCADE |drop table if exists comment_recommend CASCADE 
1674971624815|0|statement|connection 33|url jdbc:h2:mem:970289b0-6625-4f1f-89d0-6f020595b5d1|drop table if exists quiz CASCADE |drop table if exists quiz CASCADE 
1674971624815|0|statement|connection 33|url jdbc:h2:mem:970289b0-6625-4f1f-89d0-6f020595b5d1|drop table if exists quiz_tag CASCADE |drop table if exists quiz_tag CASCADE 
1674971624815|0|statement|connection 33|url jdbc:h2:mem:970289b0-6625-4f1f-89d0-6f020595b5d1|drop table if exists refresh_token CASCADE |drop table if exists refresh_token CASCADE 
1674971624820|0|statement|connection 33|url jdbc:h2:mem:970289b0-6625-4f1f-89d0-6f020595b5d1|drop table if exists report CASCADE |drop table if exists report CASCADE 
1674971624820|0|statement|connection 33|url jdbc:h2:mem:970289b0-6625-4f1f-89d0-6f020595b5d1|drop table if exists tag CASCADE |drop table if exists tag CASCADE 
1674971624820|0|statement|connection 33|url jdbc:h2:mem:970289b0-6625-4f1f-89d0-6f020595b5d1|drop table if exists users CASCADE |drop table if exists users CASCADE 
